Determining if the pthread_create exist failed with the following output:
Change Dir: /home/sidney/workspace/robotic_2019/catkin_ws/build/CMakeFiles/CMakeTmp

Run Build Command:"/usr/bin/make" "cmTC_fba37/fast"
/usr/bin/make -f CMakeFiles/cmTC_fba37.dir/build.make CMakeFiles/cmTC_fba37.dir/build
make[1]: Entering directory '/home/sidney/workspace/robotic_2019/catkin_ws/build/CMakeFiles/CMakeTmp'
Building C object CMakeFiles/cmTC_fba37.dir/CheckSymbolExists.c.o
/usr/bin/cc    -o CMakeFiles/cmTC_fba37.dir/CheckSymbolExists.c.o   -c /home/sidney/workspace/robotic_2019/catkin_ws/build/CMakeFiles/CMakeTmp/CheckSymbolExists.c
Linking C executable cmTC_fba37
/usr/bin/cmake -E cmake_link_script CMakeFiles/cmTC_fba37.dir/link.txt --verbose=1
/usr/bin/cc      -rdynamic CMakeFiles/cmTC_fba37.dir/CheckSymbolExists.c.o  -o cmTC_fba37 
CMakeFiles/cmTC_fba37.dir/CheckSymbolExists.c.o: In function `main':
CheckSymbolExists.c:(.text+0x1b): undefined reference to `pthread_create'
collect2: error: ld returned 1 exit status
CMakeFiles/cmTC_fba37.dir/build.make:97: recipe for target 'cmTC_fba37' failed
make[1]: *** [cmTC_fba37] Error 1
make[1]: Leaving directory '/home/sidney/workspace/robotic_2019/catkin_ws/build/CMakeFiles/CMakeTmp'
Makefile:126: recipe for target 'cmTC_fba37/fast' failed
make: *** [cmTC_fba37/fast] Error 2

File /home/sidney/workspace/robotic_2019/catkin_ws/build/CMakeFiles/CMakeTmp/CheckSymbolExists.c:
/* */
#include <pthread.h>

int main(int argc, char** argv)
{
  (void)argv;
#ifndef pthread_create
  return ((int*)(&pthread_create))[argc];
#else
  (void)argc;
  return 0;
#endif
}

Determining if the function pthread_create exists in the pthreads failed with the following output:
Change Dir: /home/sidney/workspace/robotic_2019/catkin_ws/build/CMakeFiles/CMakeTmp

Run Build Command:"/usr/bin/make" "cmTC_00c85/fast"
/usr/bin/make -f CMakeFiles/cmTC_00c85.dir/build.make CMakeFiles/cmTC_00c85.dir/build
make[1]: Entering directory '/home/sidney/workspace/robotic_2019/catkin_ws/build/CMakeFiles/CMakeTmp'
Building C object CMakeFiles/cmTC_00c85.dir/CheckFunctionExists.c.o
/usr/bin/cc   -DCHECK_FUNCTION_EXISTS=pthread_create   -o CMakeFiles/cmTC_00c85.dir/CheckFunctionExists.c.o   -c /usr/share/cmake-3.10/Modules/CheckFunctionExists.c
Linking C executable cmTC_00c85
/usr/bin/cmake -E cmake_link_script CMakeFiles/cmTC_00c85.dir/link.txt --verbose=1
/usr/bin/cc  -DCHECK_FUNCTION_EXISTS=pthread_create    -rdynamic CMakeFiles/cmTC_00c85.dir/CheckFunctionExists.c.o  -o cmTC_00c85 -lpthreads 
/usr/bin/ld: cannot find -lpthreads
collect2: error: ld returned 1 exit status
CMakeFiles/cmTC_00c85.dir/build.make:97: recipe for target 'cmTC_00c85' failed
make[1]: *** [cmTC_00c85] Error 1
make[1]: Leaving directory '/home/sidney/workspace/robotic_2019/catkin_ws/build/CMakeFiles/CMakeTmp'
Makefile:126: recipe for target 'cmTC_00c85/fast' failed
make: *** [cmTC_00c85/fast] Error 2


